server started. PID: 17934
request received
{
  payload: {
    dev: '31585794',
    ver: 120,
    bat: 3254,
    sig: 12,
    mod: 4,
    adc: 31,
    temp1: 20.6,
    temp2: 20.8,
    temp3: 20.8,
    temp4: 20.8,
    time: 1634677163
  }
}
{
  Sensors: [
    { Type: 'dev', Sensor_Values: [Object] },
    { Type: 'ver', Sensor_Values: [Object] },
    { Type: 'bat', Sensor_Values: [Object] },
    { Type: 'sig', Sensor_Values: [Object] },
    { Type: 'mod', Sensor_Values: [Object] },
    { Type: 'adc', Sensor_Values: [Object] },
    { Type: 'temp1', Sensor_Values: [Object] },
    { Type: 'temp2', Sensor_Values: [Object] },
    { Type: 'temp3', Sensor_Values: [Object] },
    { Type: 'temp4', Sensor_Values: [Object] },
    { Type: 'time', Sensor_Values: [Object] }
  ]
}
(node:17934) ExperimentalWarning: stream/web is an experimental feature. This feature could change at any time
(Use `node --trace-warnings ...` to show where the warning was created)
Hasura has responded:
{
  "data": {
    "insert_SGroups": {
      "affected_rows": 23
    }
  }
}
server started. PID: 18631
server started. PID: 19150
request received
{
  payload: {
    dev: '31585794',
    ver: 120,
    bat: 3252,
    sig: 12,
    mod: 4,
    adc: 30,
    temp1: 20.6,
    temp2: 20.9,
    temp3: 20.9,
    temp4: 20.9,
    time: 1634677606
  }
}
{
  Sensors: [
    { Type: 'dev', Sensor_Values: [Object] },
    { Type: 'ver', Sensor_Values: [Object] },
    { Type: 'bat', Sensor_Values: [Object] },
    { Type: 'sig', Sensor_Values: [Object] },
    { Type: 'mod', Sensor_Values: [Object] },
    { Type: 'adc', Sensor_Values: [Object] },
    { Type: 'temp1', Sensor_Values: [Object] },
    { Type: 'temp2', Sensor_Values: [Object] },
    { Type: 'temp3', Sensor_Values: [Object] },
    { Type: 'temp4', Sensor_Values: [Object] },
    { Type: 'time', Sensor_Values: [Object] }
  ]
}
(node:19150) ExperimentalWarning: stream/web is an experimental feature. This feature could change at any time
(Use `node --trace-warnings ...` to show where the warning was created)
Hasura has responded:
{
  "data": {
    "insert_SGroups": {
      "affected_rows": 23
    }
  }
}
request received
{
  payload: {
    dev: '31585794',
    ver: 120,
    bat: 3163,
    sig: 14,
    mod: 4,
    adc: 27,
    temp1: 20.7,
    temp2: 20.9,
    temp3: 20.9,
    temp4: 20.9,
    time: 1634677767
  }
}
{
  Sensors: [
    { Type: 'dev', Sensor_Values: [Object] },
    { Type: 'ver', Sensor_Values: [Object] },
    { Type: 'bat', Sensor_Values: [Object] },
    { Type: 'sig', Sensor_Values: [Object] },
    { Type: 'mod', Sensor_Values: [Object] },
    { Type: 'adc', Sensor_Values: [Object] },
    { Type: 'temp1', Sensor_Values: [Object] },
    { Type: 'temp2', Sensor_Values: [Object] },
    { Type: 'temp3', Sensor_Values: [Object] },
    { Type: 'temp4', Sensor_Values: [Object] },
    { Type: 'time', Sensor_Values: [Object] }
  ]
}
Hasura has responded:
{
  "data": {
    "insert_SGroups": {
      "affected_rows": 23
    }
  }
}
request received
{
  payload: {
    dev: '31585794',
    ver: 120,
    bat: 3248,
    sig: 13,
    mod: 4,
    adc: 30,
    temp1: 20.6,
    temp2: 20.9,
    temp3: 20.9,
    temp4: 20.9,
    time: 1634677902
  }
}
{
  Sensors: [
    { Type: 'dev', Sensor_Values: [Object] },
    { Type: 'ver', Sensor_Values: [Object] },
    { Type: 'bat', Sensor_Values: [Object] },
    { Type: 'sig', Sensor_Values: [Object] },
    { Type: 'mod', Sensor_Values: [Object] },
    { Type: 'adc', Sensor_Values: [Object] },
    { Type: 'temp1', Sensor_Values: [Object] },
    { Type: 'temp2', Sensor_Values: [Object] },
    { Type: 'temp3', Sensor_Values: [Object] },
    { Type: 'temp4', Sensor_Values: [Object] },
    { Type: 'time', Sensor_Values: [Object] }
  ]
}
Hasura has responded:
{
  "data": {
    "insert_SGroups": {
      "affected_rows": 23
    }
  }
}
request received
{
  payload: {
    dev: '31585794',
    ver: 120,
    bat: 3267,
    sig: 14,
    mod: 4,
    adc: 29,
    temp1: 19.8,
    temp2: 20,
    temp3: 20,
    temp4: 20,
    time: 1634681503
  }
}
{
  Sensors: [
    { Type: 'dev', Sensor_Values: [Object] },
    { Type: 'ver', Sensor_Values: [Object] },
    { Type: 'bat', Sensor_Values: [Object] },
    { Type: 'sig', Sensor_Values: [Object] },
    { Type: 'mod', Sensor_Values: [Object] },
    { Type: 'adc', Sensor_Values: [Object] },
    { Type: 'temp1', Sensor_Values: [Object] },
    { Type: 'temp2', Sensor_Values: [Object] },
    { Type: 'temp3', Sensor_Values: [Object] },
    { Type: 'temp4', Sensor_Values: [Object] },
    { Type: 'time', Sensor_Values: [Object] }
  ]
}
Hasura has responded:
{
  "data": {
    "insert_SGroups": {
      "affected_rows": 23
    }
  }
}
request received
{
  payload: {
    dev: '31585794',
    ver: 120,
    bat: 3276,
    sig: 13,
    mod: 4,
    adc: 30,
    temp1: 19.5,
    temp2: 19.6,
    temp3: 19.8,
    temp4: 19.8,
    time: 1634685109
  }
}
{
  Sensors: [
    { Type: 'dev', Sensor_Values: [Object] },
    { Type: 'ver', Sensor_Values: [Object] },
    { Type: 'bat', Sensor_Values: [Object] },
    { Type: 'sig', Sensor_Values: [Object] },
    { Type: 'mod', Sensor_Values: [Object] },
    { Type: 'adc', Sensor_Values: [Object] },
    { Type: 'temp1', Sensor_Values: [Object] },
    { Type: 'temp2', Sensor_Values: [Object] },
    { Type: 'temp3', Sensor_Values: [Object] },
    { Type: 'temp4', Sensor_Values: [Object] },
    { Type: 'time', Sensor_Values: [Object] }
  ]
}
Hasura has responded:
{
  "data": {
    "insert_SGroups": {
      "affected_rows": 23
    }
  }
}
request received
{
  payload: {
    dev: '31585794',
    ver: 120,
    bat: 3282,
    sig: 13,
    mod: 4,
    adc: 30,
    temp1: 19.5,
    temp2: 19.5,
    temp3: 19.6,
    temp4: 19.6,
    time: 1634688713
  }
}
{
  Sensors: [
    { Type: 'dev', Sensor_Values: [Object] },
    { Type: 'ver', Sensor_Values: [Object] },
    { Type: 'bat', Sensor_Values: [Object] },
    { Type: 'sig', Sensor_Values: [Object] },
    { Type: 'mod', Sensor_Values: [Object] },
    { Type: 'adc', Sensor_Values: [Object] },
    { Type: 'temp1', Sensor_Values: [Object] },
    { Type: 'temp2', Sensor_Values: [Object] },
    { Type: 'temp3', Sensor_Values: [Object] },
    { Type: 'temp4', Sensor_Values: [Object] },
    { Type: 'time', Sensor_Values: [Object] }
  ]
}
Hasura has responded:
{
  "data": {
    "insert_SGroups": {
      "affected_rows": 23
    }
  }
}
